<?xml version="1.0" encoding="UTF-8"?>
<!-- Generated by org.testng.reporters.JUnitReportReporter -->
<testsuite hostname="LAPTOP-3N0HLSP8" failures="0" tests="4" name="com.saucedemo.qa.pageTest.CartPageTest" time="20.422" errors="0" timestamp="2023-05-12T11:00:42 IST" skipped="0">
  <testcase classname="com.saucedemo.qa.pageTest.CartPageTest" name="cartPageTitleTest" time="4.171"/>
  <system-out/>
  <testcase classname="com.saucedemo.qa.pageTest.CartPageTest" name="cartPageLogoTest" time="7.073"/>
  <system-out/>
  <testcase classname="com.saucedemo.qa.pageTest.CartPageTest" name="cartPageLabelTest" time="4.180"/>
  <system-out/>
  <testcase classname="com.saucedemo.qa.pageTest.CartPageTest" name="removeproductBtnTest" time="4.998"/>
  <system-out/>
</testsuite> <!-- com.saucedemo.qa.pageTest.CartPageTest -->
