<?xml version="1.0" encoding="UTF-8"?>
<!-- Generated by org.testng.reporters.JUnitReportReporter -->
<testsuite skipped="0" hostname="LAPTOP-3N0HLSP8" name="com.saucedemo.qa.CartPageTest" tests="4" failures="0" timestamp="2023-02-23T12:12:10 IST" time="58.578" errors="0">
  <testcase name="cartPageTitleTest" time="17.929" classname="com.saucedemo.qa.CartPageTest"/>
  <system-out/>
  <testcase name="cartPageLogoTest" time="10.356" classname="com.saucedemo.qa.CartPageTest"/>
  <system-out/>
  <testcase name="cartPageLabelTest" time="23.986" classname="com.saucedemo.qa.CartPageTest"/>
  <system-out/>
  <testcase name="removeproductBtnTest" time="6.307" classname="com.saucedemo.qa.CartPageTest"/>
  <system-out/>
</testsuite> <!-- com.saucedemo.qa.CartPageTest -->
