<?xml version="1.0" encoding="UTF-8"?>
<!-- Generated by org.testng.reporters.JUnitReportReporter -->
<testsuite hostname="LAPTOP-3N0HLSP8" failures="0" tests="5" name="com.saucedemo.qa.HomePageTest" time="20.417" errors="0" timestamp="2023-05-02T18:56:15 IST" skipped="0">
  <testcase classname="com.saucedemo.qa.HomePageTest" name="homePageTitleTest" time="3.925"/>
  <system-out/>
  <testcase classname="com.saucedemo.qa.HomePageTest" name="HomePageLogoTest" time="4.404"/>
  <system-out/>
  <testcase classname="com.saucedemo.qa.HomePageTest" name="priorityLabelTest" time="3.854"/>
  <system-out/>
  <testcase classname="com.saucedemo.qa.HomePageTest" name="verifyLogoutBtn" time="4.026"/>
  <system-out/>
  <testcase classname="com.saucedemo.qa.HomePageTest" name="selectExpensiveProduct" time="4.208"/>
  <system-out/>
</testsuite> <!-- com.saucedemo.qa.HomePageTest -->
