<?xml version="1.0" encoding="UTF-8"?>
<!-- Generated by org.testng.reporters.JUnitReportReporter -->
<testsuite hostname="LAPTOP-3N0HLSP8" failures="0" tests="8" name="com.saucedemo.qa.pageTest.LoginPageTest" time="37.625" errors="0" timestamp="2023-05-12T09:59:17 IST" skipped="0">
  <testcase classname="com.saucedemo.qa.pageTest.LoginPageTest" name="loginPageTitleTest" time="3.097"/>
  <system-out/>
  <testcase classname="com.saucedemo.qa.pageTest.LoginPageTest" name="loginPageLogoTest" time="3.034"/>
  <system-out/>
  <testcase classname="com.saucedemo.qa.pageTest.LoginPageTest" name="loginWithDifferentCrd" time="3.793"/>
  <system-out/>
  <testcase classname="com.saucedemo.qa.pageTest.LoginPageTest" name="loginWithDifferentCrd" time="11.734"/>
  <system-out/>
  <testcase classname="com.saucedemo.qa.pageTest.LoginPageTest" name="loginWithDifferentCrd" time="3.905"/>
  <system-out/>
  <testcase classname="com.saucedemo.qa.pageTest.LoginPageTest" name="loginWithDifferentCrd" time="3.947"/>
  <system-out/>
  <testcase classname="com.saucedemo.qa.pageTest.LoginPageTest" name="loginWithDifferentCrd" time="3.610"/>
  <system-out/>
  <testcase classname="com.saucedemo.qa.pageTest.LoginPageTest" name="loginWithDifferentCrd" time="4.505"/>
  <system-out/>
</testsuite> <!-- com.saucedemo.qa.pageTest.LoginPageTest -->
