<?xml version="1.0" encoding="UTF-8"?>
<!-- Generated by org.testng.reporters.JUnitReportReporter -->
<testsuite hostname="LAPTOP-3N0HLSP8" failures="0" tests="3" name="com.saucedemo.qa.LoginPageTest" time="28.636" errors="0" timestamp="2023-03-21T14:32:04 IST" skipped="0">
  <testcase classname="com.saucedemo.qa.LoginPageTest" name="loginPageTitleTest" time="7.770"/>
  <system-out/>
  <testcase classname="com.saucedemo.qa.LoginPageTest" name="loginPageLogoTest" time="10.385"/>
  <system-out/>
  <testcase classname="com.saucedemo.qa.LoginPageTest" name="loginTest" time="10.481"/>
  <system-out/>
</testsuite> <!-- com.saucedemo.qa.LoginPageTest -->
