<?xml version="1.0" encoding="UTF-8"?>
<!-- Generated by org.testng.reporters.JUnitReportReporter -->
<testsuite hostname="LAPTOP-3N0HLSP8" failures="0" tests="8" name="com.saucedemo.qa.pageTest.LoginPageTest" time="36.091" errors="0" timestamp="2023-05-08T09:42:02 IST" skipped="0">
  <testcase classname="com.saucedemo.qa.pageTest.LoginPageTest" name="loginPageTitleTest" time="3.080"/>
  <system-out/>
  <testcase classname="com.saucedemo.qa.pageTest.LoginPageTest" name="loginPageLogoTest" time="3.225"/>
  <system-out/>
  <testcase classname="com.saucedemo.qa.pageTest.LoginPageTest" name="loginWithDifferentCrd" time="3.754"/>
  <system-out/>
  <testcase classname="com.saucedemo.qa.pageTest.LoginPageTest" name="loginWithDifferentCrd" time="6.196"/>
  <system-out/>
  <testcase classname="com.saucedemo.qa.pageTest.LoginPageTest" name="loginWithDifferentCrd" time="3.979"/>
  <system-out/>
  <testcase classname="com.saucedemo.qa.pageTest.LoginPageTest" name="loginWithDifferentCrd" time="8.865"/>
  <system-out/>
  <testcase classname="com.saucedemo.qa.pageTest.LoginPageTest" name="loginWithDifferentCrd" time="3.494"/>
  <system-out/>
  <testcase classname="com.saucedemo.qa.pageTest.LoginPageTest" name="loginWithDifferentCrd" time="3.498"/>
  <system-out/>
</testsuite> <!-- com.saucedemo.qa.pageTest.LoginPageTest -->
