<?xml version="1.0" encoding="UTF-8"?>
<!-- Generated by org.testng.reporters.JUnitReportReporter -->
<testsuite hostname="LAPTOP-3N0HLSP8" failures="0" tests="5" name="com.saucedemo.qa.pageTest.HomePageTest" time="25.340" errors="0" timestamp="2023-05-04T12:55:13 IST" skipped="0">
  <testcase classname="com.saucedemo.qa.pageTest.HomePageTest" name="homePageTitleTest" time="4.698"/>
  <system-out/>
  <testcase classname="com.saucedemo.qa.pageTest.HomePageTest" name="HomePageLogoTest" time="4.471"/>
  <system-out/>
  <testcase classname="com.saucedemo.qa.pageTest.HomePageTest" name="priorityLabelTest" time="4.354"/>
  <system-out/>
  <testcase classname="com.saucedemo.qa.pageTest.HomePageTest" name="verifyLogoutBtn" time="5.176"/>
  <system-out/>
  <testcase classname="com.saucedemo.qa.pageTest.HomePageTest" name="selectExpensiveProduct" time="6.641"/>
  <system-out/>
</testsuite> <!-- com.saucedemo.qa.pageTest.HomePageTest -->
