<?xml version="1.0" encoding="UTF-8"?>
<!-- Generated by org.testng.reporters.JUnitReportReporter -->
<testsuite hostname="LAPTOP-3N0HLSP8" failures="0" tests="5" name="com.saucedemo.qa.pageTest.HomePageTest" time="20.359" errors="0" timestamp="2023-05-12T09:59:17 IST" skipped="0">
  <testcase classname="com.saucedemo.qa.pageTest.HomePageTest" name="homePageTitleTest" time="3.775"/>
  <system-out/>
  <testcase classname="com.saucedemo.qa.pageTest.HomePageTest" name="HomePageLogoTest" time="3.986"/>
  <system-out/>
  <testcase classname="com.saucedemo.qa.pageTest.HomePageTest" name="priorityLabelTest" time="3.740"/>
  <system-out/>
  <testcase classname="com.saucedemo.qa.pageTest.HomePageTest" name="selectExpensiveProduct" time="4.506"/>
  <system-out/>
  <testcase classname="com.saucedemo.qa.pageTest.HomePageTest" name="verifyLogoutBtn" time="4.352"/>
  <system-out/>
</testsuite> <!-- com.saucedemo.qa.pageTest.HomePageTest -->
