<?xml version="1.0" encoding="UTF-8"?>
<!-- Generated by org.testng.reporters.JUnitReportReporter -->
<testsuite hostname="LAPTOP-3N0HLSP8" failures="0" tests="1" name="com.saucedemo.qa.LoginPageTest" time="5.783" errors="0" timestamp="2023-04-26T18:03:30 IST" skipped="0">
  <testcase classname="com.saucedemo.qa.LoginPageTest" name="loginTest" time="5.783"/>
  <system-out/>
</testsuite> <!-- com.saucedemo.qa.LoginPageTest -->
