<?xml version="1.0" encoding="UTF-8"?>
<!-- Generated by org.testng.reporters.JUnitReportReporter -->
<testsuite hostname="LAPTOP-3N0HLSP8" failures="0" tests="4" name="com.saucedemo.qa.CartPageTest" time="16.850" errors="0" timestamp="2023-05-02T18:56:15 IST" skipped="0">
  <testcase classname="com.saucedemo.qa.CartPageTest" name="cartPageTitleTest" time="3.852"/>
  <system-out/>
  <testcase classname="com.saucedemo.qa.CartPageTest" name="cartPageLogoTest" time="3.691"/>
  <system-out/>
  <testcase classname="com.saucedemo.qa.CartPageTest" name="cartPageLabelTest" time="3.820"/>
  <system-out/>
  <testcase classname="com.saucedemo.qa.CartPageTest" name="removeproductBtnTest" time="5.487"/>
  <system-out/>
</testsuite> <!-- com.saucedemo.qa.CartPageTest -->
