<?xml version="1.0" encoding="UTF-8"?>
<!-- Generated by org.testng.reporters.JUnitReportReporter -->
<testsuite skipped="0" hostname="LAPTOP-3N0HLSP8" name="com.saucedemo.qa.LoginPageTest" tests="3" failures="0" timestamp="2023-02-23T12:12:10 IST" time="25.106" errors="0">
  <testcase name="loginPageTitleTest" time="8.559" classname="com.saucedemo.qa.LoginPageTest"/>
  <system-out/>
  <testcase name="loginPageLogoTest" time="6.000" classname="com.saucedemo.qa.LoginPageTest"/>
  <system-out/>
  <testcase name="loginTest" time="10.547" classname="com.saucedemo.qa.LoginPageTest"/>
  <system-out/>
</testsuite> <!-- com.saucedemo.qa.LoginPageTest -->
