<?xml version="1.0" encoding="UTF-8"?>
<!-- Generated by org.testng.reporters.JUnitReportReporter -->
<testsuite hostname="LAPTOP-3N0HLSP8" failures="0" tests="6" name="com.saucedemo.qa.LoginPageTest" time="31.993" errors="0" timestamp="2023-05-03T07:33:38 IST" skipped="0">
  <testcase classname="com.saucedemo.qa.LoginPageTest" name="loginWithDifferentCrd" time="9.364"/>
  <system-out/>
  <testcase classname="com.saucedemo.qa.LoginPageTest" name="loginWithDifferentCrd" time="6.267"/>
  <system-out/>
  <testcase classname="com.saucedemo.qa.LoginPageTest" name="loginWithDifferentCrd" time="4.058"/>
  <system-out/>
  <testcase classname="com.saucedemo.qa.LoginPageTest" name="loginWithDifferentCrd" time="4.249"/>
  <system-out/>
  <testcase classname="com.saucedemo.qa.LoginPageTest" name="loginWithDifferentCrd" time="4.048"/>
  <system-out/>
  <testcase classname="com.saucedemo.qa.LoginPageTest" name="loginWithDifferentCrd" time="4.007"/>
  <system-out/>
</testsuite> <!-- com.saucedemo.qa.LoginPageTest -->
