<?xml version="1.0" encoding="UTF-8"?>
<!-- Generated by org.testng.reporters.JUnitReportReporter -->
<testsuite skipped="0" hostname="LAPTOP-3N0HLSP8" name="com.gmail.qa.test" tests="1" failures="0" timestamp="2023-02-19T16:55:40 IST" time="9.962" errors="0">
  <testcase name="mai" time="9.962" classname="com.gmail.qa.test"/>
  <system-out/>
</testsuite> <!-- com.gmail.qa.test -->
