<?xml version="1.0" encoding="UTF-8"?>
<!-- Generated by org.testng.reporters.JUnitReportReporter -->
<testsuite hostname="LAPTOP-3N0HLSP8" failures="0" tests="8" name="com.saucedemo.qa.LoginPageTest" time="38.121" errors="0" timestamp="2023-05-02T18:56:15 IST" skipped="0">
  <testcase classname="com.saucedemo.qa.LoginPageTest" name="loginPageTitleTest" time="4.052"/>
  <system-out/>
  <testcase classname="com.saucedemo.qa.LoginPageTest" name="loginPageLogoTest" time="3.069"/>
  <system-out/>
  <testcase classname="com.saucedemo.qa.LoginPageTest" name="loginWithDifferentCrd" time="4.768"/>
  <system-out/>
  <testcase classname="com.saucedemo.qa.LoginPageTest" name="loginWithDifferentCrd" time="3.696"/>
  <system-out/>
  <testcase classname="com.saucedemo.qa.LoginPageTest" name="loginWithDifferentCrd" time="3.646"/>
  <system-out/>
  <testcase classname="com.saucedemo.qa.LoginPageTest" name="loginWithDifferentCrd" time="10.881"/>
  <system-out/>
  <testcase classname="com.saucedemo.qa.LoginPageTest" name="loginWithDifferentCrd" time="4.437"/>
  <system-out/>
  <testcase classname="com.saucedemo.qa.LoginPageTest" name="loginWithDifferentCrd" time="3.572"/>
  <system-out/>
</testsuite> <!-- com.saucedemo.qa.LoginPageTest -->
