<?xml version="1.0" encoding="UTF-8"?>
<!-- Generated by org.testng.reporters.JUnitReportReporter -->
<testsuite skipped="0" hostname="LAPTOP-3N0HLSP8" name="com.gmail.qa.CartPageTest" tests="1" failures="0" timestamp="2023-02-22T11:55:41 IST" time="7.418" errors="0">
  <testcase name="removeproductBtnTest" time="7.418" classname="com.gmail.qa.CartPageTest"/>
  <system-out/>
</testsuite> <!-- com.gmail.qa.CartPageTest -->
