<?xml version="1.0" encoding="UTF-8"?>
<!-- Generated by org.testng.reporters.JUnitReportReporter -->
<testsuite hostname="LAPTOP-3N0HLSP8" failures="0" tests="4" name="com.saucedemo.qa.CartPageTest" time="35.969" errors="0" timestamp="2023-03-20T11:58:40 IST" skipped="0">
  <testcase classname="com.saucedemo.qa.CartPageTest" name="cartPageTitleTest" time="8.683"/>
  <system-out/>
  <testcase classname="com.saucedemo.qa.CartPageTest" name="cartPageLogoTest" time="8.791"/>
  <system-out/>
  <testcase classname="com.saucedemo.qa.CartPageTest" name="cartPageLabelTest" time="8.848"/>
  <system-out/>
  <testcase classname="com.saucedemo.qa.CartPageTest" name="removeproductBtnTest" time="9.647"/>
  <system-out/>
</testsuite> <!-- com.saucedemo.qa.CartPageTest -->
