<?xml version="1.0" encoding="UTF-8"?>
<!-- Generated by org.testng.reporters.JUnitReportReporter -->
<testsuite hostname="LAPTOP-3N0HLSP8" failures="0" tests="4" name="com.saucedemo.qa.CartPageTest" time="17.456" errors="0" timestamp="2023-04-26T12:31:31 IST" skipped="0">
  <testcase classname="com.saucedemo.qa.CartPageTest" name="cartPageTitleTest" time="3.553"/>
  <system-out/>
  <testcase classname="com.saucedemo.qa.CartPageTest" name="cartPageLogoTest" time="4.997"/>
  <system-out/>
  <testcase classname="com.saucedemo.qa.CartPageTest" name="cartPageLabelTest" time="3.792"/>
  <system-out/>
  <testcase classname="com.saucedemo.qa.CartPageTest" name="removeproductBtnTest" time="5.114"/>
  <system-out/>
</testsuite> <!-- com.saucedemo.qa.CartPageTest -->
