<?xml version="1.0" encoding="UTF-8"?>
<!-- Generated by org.testng.reporters.JUnitReportReporter -->
<testsuite skipped="0" hostname="LAPTOP-3N0HLSP8" name="com.gmail.qa.LoginPageTest" tests="3" failures="0" timestamp="2023-02-20T11:19:14 IST" time="14.761" errors="0">
  <testcase name="loginPageTitleTest" time="3.318" classname="com.gmail.qa.LoginPageTest"/>
  <system-out/>
  <testcase name="loginPageLogoTest" time="6.332" classname="com.gmail.qa.LoginPageTest"/>
  <system-out/>
  <testcase name="loginTest" time="5.111" classname="com.gmail.qa.LoginPageTest"/>
  <system-out/>
</testsuite> <!-- com.gmail.qa.LoginPageTest -->
