<?xml version="1.0" encoding="UTF-8"?>
<!-- Generated by org.testng.reporters.JUnitReportReporter -->
<testsuite hostname="LAPTOP-3N0HLSP8" failures="0" tests="1" name="com.saucedemo.qa.HomePageTest" time="7.559" errors="0" timestamp="2023-05-02T19:10:28 IST" skipped="0">
  <testcase classname="com.saucedemo.qa.HomePageTest" name="verifyLogoutBtn" time="7.559"/>
  <system-out/>
</testsuite> <!-- com.saucedemo.qa.HomePageTest -->
