<?xml version="1.0" encoding="UTF-8"?>
<!-- Generated by org.testng.reporters.JUnitReportReporter -->
<testsuite hostname="LAPTOP-3N0HLSP8" failures="0" tests="4" name="com.saucedemo.qa.pageTest.CartPageTest" time="23.820" errors="0" timestamp="2023-05-04T12:55:13 IST" skipped="0">
  <testcase classname="com.saucedemo.qa.pageTest.CartPageTest" name="cartPageTitleTest" time="4.373"/>
  <system-out/>
  <testcase classname="com.saucedemo.qa.pageTest.CartPageTest" name="cartPageLogoTest" time="8.077"/>
  <system-out/>
  <testcase classname="com.saucedemo.qa.pageTest.CartPageTest" name="cartPageLabelTest" time="5.157"/>
  <system-out/>
  <testcase classname="com.saucedemo.qa.pageTest.CartPageTest" name="removeproductBtnTest" time="6.213"/>
  <system-out/>
</testsuite> <!-- com.saucedemo.qa.pageTest.CartPageTest -->
