<?xml version="1.0" encoding="UTF-8"?>
<!-- Generated by org.testng.reporters.JUnitReportReporter -->
<testsuite skipped="0" hostname="LAPTOP-3N0HLSP8" name="com.saucedemo.qa.HomePageTest" tests="4" failures="0" timestamp="2023-02-23T12:12:10 IST" time="50.494" errors="0">
  <testcase name="homePageTitleTest" time="8.727" classname="com.saucedemo.qa.HomePageTest"/>
  <system-out/>
  <testcase name="HomePageLogoTest" time="15.956" classname="com.saucedemo.qa.HomePageTest"/>
  <system-out/>
  <testcase name="priorityLabelTest" time="11.405" classname="com.saucedemo.qa.HomePageTest"/>
  <system-out/>
  <testcase name="selectExpensiveProduct" time="14.406" classname="com.saucedemo.qa.HomePageTest"/>
  <system-out/>
</testsuite> <!-- com.saucedemo.qa.HomePageTest -->
